Arguments: 
  D:\Program Files\nodejs\node.exe C:\Users\coder\AppData\Roaming\npm\node_modules\yarn\bin\yarn.js init # npm init

PATH: 
  C:\Program Files\Microsoft\jdk-11.0.12.7-hotspot\bin;D:\Program Files\vmware\bin\;C:\Program Files (x86)\Common Files\Oracle\Java\javapath;C:\Program Files\Scripts\;C:\Program Files\;D:\goProject;C:\Windows;C:\Windows\System32\Wbem;C:\Windows\System32\WindowsPowerShell\v1.0\;C:\Windows\System32\OpenSSH\;D:\Program Files\nodejs\;C:\ProgramData\chocolatey\bin;d:\Program Files\Git\cmd;C:\Program Files\Go\bin;C:\Windows\system32;C:\Windows\System32;d:\Program Files (x86)\Tencent\微信web开发者工具\dll;D:\Program Files\MongoDB\Server\5.0\bin;C:\Users\coder\AppData\Local\Yarn\bin;d:\Program Files\Dart\dart-sdk\bin;C:\Program Files\Java\jdk1.8.0_231\bin;D:\flutter\bin;C:\Program Files\Microsoft SQL Server\150\Tools\Binn\;C:\Program Files\Microsoft SQL Server\130\Tools\Binn\;C:\Program Files\Microsoft SQL Server\Client SDK\ODBC\110\Tools\Binn\;C:\Program Files (x86)\Microsoft SQL Server\120\Tools\Binn\;C:\Program Files\Microsoft SQL Server\120\Tools\Binn\;C:\Program Files\Microsoft SQL Server\120\DTS\Binn\;C:\Program Files (x86)\Microsoft SQL Server\120\Tools\Binn\ManagementStudio\;C:\Program Files (x86)\Microsoft SQL Server\120\DTS\Binn\;C:\Program Files\Microsoft SQL Server\Client SDK\ODBC\170\Tools\Binn\;C:\Program Files\dotnet\;C:\Users\coder\AppData\Local\Microsoft\WindowsApps;C:\Users\coder\AppData\Roaming\npm;D:\Program Files (x86)\Microsoft VS Code\bin;C:\Users\coder\go\bin;C:\Windows\system32;C:\Windows\System32;C:\Users\coder\.dotnet\tools

Yarn version: 
  1.22.17

Node version: 
  16.13.0

Platform: 
  win32 x64

Trace: 
  Error: canceled
      at Interface.<anonymous> (C:\Users\coder\AppData\Roaming\npm\node_modules\yarn\lib\cli.js:137143:13)
      at Interface.emit (node:events:390:28)
      at Interface._ttyWrite (node:readline:1081:16)
      at ReadStream.onkeypress (node:readline:288:10)
      at ReadStream.emit (node:events:390:28)
      at emitKeys (node:internal/readline/utils:358:14)
      at emitKeys.next (<anonymous>)
      at ReadStream.onData (node:internal/readline/emitKeypressEvents:61:36)
      at ReadStream.emit (node:events:390:28)
      at addChunk (node:internal/streams/readable:315:12)

npm manifest: 
  No manifest

yarn manifest: 
  No manifest

Lockfile: 
  No lockfile
